<?xml version="1.0" encoding="UTF-8"?>
<!-- Generated by org.testng.reporters.JUnitReportReporter -->
<testsuite hostname="jeevi" failures="0" tests="6" name="com.db.storeproceduretesting.StorrProcedureTesting" time="0.363" errors="0" timestamp="2023-08-14T20:43:54 IST" skipped="4">
  <testcase classname="com.db.storeproceduretesting.StorrProcedureTesting" name="getOrderByCustomerShipping" time="0.313"/>
  <system-out/>
  <testcase classname="com.db.storeproceduretesting.StorrProcedureTesting" name="getOrderByCustomers" time="0.050"/>
  <system-out/>
  <testcase classname="com.db.storeproceduretesting.StorrProcedureTesting" name="selectAllCustomersByCityAndPinCode">
    <skipped/>
  </testcase> <!-- selectAllCustomersByCityAndPinCode -->
  <system-out/>
  <testcase classname="com.db.storeproceduretesting.StorrProcedureTesting" name="store_procedureexists">
    <skipped/>
  </testcase> <!-- store_procedureexists -->
  <system-out/>
  <testcase classname="com.db.storeproceduretesting.StorrProcedureTesting" name="selectAllCustomers">
    <skipped/>
  </testcase> <!-- selectAllCustomers -->
  <system-out/>
  <testcase classname="com.db.storeproceduretesting.StorrProcedureTesting" name="selectAllCustomersByCity">
    <skipped/>
  </testcase> <!-- selectAllCustomersByCity -->
  <system-out/>
</testsuite> <!-- com.db.storeproceduretesting.StorrProcedureTesting -->
